Creating network "august_network" with driver "bridge"
Creating mariadb ... 
Creating mariadb ... done
Creating wordpress ... 
Creating wordpress ... done
Creating nginx     ... 
Creating nginx     ... done
Attaching to mariadb, wordpress, nginx
[36mmariadb      |[0m Waiting for MariaDB to start...
[32mwordpress    |[0m   % Total    % Received % Xferd  Average Speed   Time    Time     Time  Current
[32mwordpress    |[0m                                  Dload  Upload   Total   Spent    Left  Speed
[32mwordpress    |[0m   0     0    0     0    0     0      0      0 --:--:-- --:--:-- --:--:--     0100 6882k  100 6882k    0     0  17.2M      0 --:--:-- --:--:-- --:--:-- 17.2M
[32mwordpress    |[0m Waiting for MariaDB to be ready...
[36mmariadb      |[0m Waiting for MariaDB to start...
[36mmariadb      |[0m Waiting for MariaDB to start...
[36mmariadb      |[0m Waiting for MariaDB to start...
[32mwordpress    |[0m Waiting for MariaDB to be ready...
[36mmariadb      |[0m Waiting for MariaDB to start...
[36mmariadb      |[0m Waiting for MariaDB to start...
[32mwordpress    |[0m Waiting for MariaDB to be ready...
[36mmariadb      |[0m Waiting for MariaDB to start...
[36mmariadb      |[0m Waiting for MariaDB to start...
[32mwordpress    |[0m Waiting for MariaDB to be ready...
[36mmariadb      |[0m Waiting for MariaDB to start...
[36mmariadb      |[0m Waiting for MariaDB to start...
[36mmariadb      |[0m Waiting for MariaDB to start...
[32mwordpress    |[0m Waiting for MariaDB to be ready...
[36mmariadb      |[0m Waiting for MariaDB to start...
[36mmariadb      |[0m Waiting for MariaDB to start...
[32mwordpress    |[0m Waiting for MariaDB to be ready...
[36mmariadb      |[0m Waiting for MariaDB to start...
[36mmariadb      |[0m Waiting for MariaDB to start...
[36mmariadb      |[0m Waiting for MariaDB to start...
[32mwordpress    |[0m Waiting for MariaDB to be ready...
[36mmariadb      |[0m Waiting for MariaDB to start...
[36mmariadb      |[0m Waiting for MariaDB to start...
[32mwordpress    |[0m Waiting for MariaDB to be ready...
[36mmariadb      |[0m Waiting for MariaDB to start...
[36mmariadb      |[0m Waiting for MariaDB to start...
[36mmariadb      |[0m Waiting for MariaDB to start...
[32mwordpress    |[0m Waiting for MariaDB to be ready...
[36mmariadb      |[0m Waiting for MariaDB to start...
[36mmariadb      |[0m Waiting for MariaDB to start...
[32mwordpress    |[0m Waiting for MariaDB to be ready...
[36mmariadb      |[0m Waiting for MariaDB to start...
[36mmariadb      |[0m Waiting for MariaDB to start...
[36mmariadb      |[0m Waiting for MariaDB to start...
[32mwordpress    |[0m Waiting for MariaDB to be ready...
[36mmariadb      |[0m Waiting for MariaDB to start...
[36mmariadb      |[0m Waiting for MariaDB to start...
[32mwordpress    |[0m Waiting for MariaDB to be ready...
[36mmariadb      |[0m Waiting for MariaDB to start...
[36mmariadb      |[0m Waiting for MariaDB to start...
[36mmariadb      |[0m Waiting for MariaDB to start...
[32mwordpress    |[0m Waiting for MariaDB to be ready...
[36mmariadb      |[0m Waiting for MariaDB to start...
[36mmariadb      |[0m Waiting for MariaDB to start...
[32mwordpress    |[0m Waiting for MariaDB to be ready...
[36mmariadb      |[0m Waiting for MariaDB to start...
[36mmariadb      |[0m Waiting for MariaDB to start...
[36mmariadb      |[0m Waiting for MariaDB to start...
[32mwordpress    |[0m Waiting for MariaDB to be ready...
[36mmariadb      |[0m Waiting for MariaDB to start...
[36mmariadb      |[0m Waiting for MariaDB to start...
[32mwordpress    |[0m Waiting for MariaDB to be ready...
[36mmariadb      |[0m Waiting for MariaDB to start...
[36mmariadb      |[0m Waiting for MariaDB to start...
[36mmariadb      |[0m Waiting for MariaDB to start...
[32mwordpress    |[0m Waiting for MariaDB to be ready...
[36mmariadb      |[0m Waiting for MariaDB to start...
[36mmariadb      |[0m Waiting for MariaDB to start...
[32mwordpress    |[0m Waiting for MariaDB to be ready...
[36mmariadb      |[0m Waiting for MariaDB to start...
[36mmariadb      |[0m Waiting for MariaDB to start...
[36mmariadb      |[0m Waiting for MariaDB to start...
[32mwordpress    |[0m Waiting for MariaDB to be ready...
[36mmariadb      |[0m Waiting for MariaDB to start...
[36mmariadb      |[0m Waiting for MariaDB to start...
[32mwordpress    |[0m Waiting for MariaDB to be ready...
Stopping nginx     ... 
Stopping wordpress ... 
Stopping mariadb   ... 
Stopping nginx     ... done
Stopping wordpress ... done
Stopping mariadb   ... done
Gracefully stopping... (press Ctrl+C again to force)
